# github.com/Azure/container-kit/pkg/mcp/application/internal/conversation [github.com/Azure/container-kit/pkg/mcp/application/internal/conversation.test]
pkg/mcp/application/internal/conversation/build_stage.go:101:96: undefined: publicutils.StageBuild
pkg/mcp/application/internal/conversation/build_stage.go:104:52: undefined: publicutils.StagePush
pkg/mcp/application/internal/conversation/build_stage.go:107:47: undefined: publicutils.StagePush
pkg/mcp/application/internal/conversation/build_stage.go:112:80: undefined: publicutils.StageBuild
pkg/mcp/application/internal/conversation/build_stage.go:113:72: undefined: publicutils.StageBuild
pkg/mcp/application/internal/conversation/build_stage.go:128:46: undefined: publicutils.StageBuild
pkg/mcp/application/internal/conversation/build_stage.go:135:62: undefined: publicutils.StagePush
pkg/mcp/application/internal/conversation/build_stage.go:144:52: undefined: publicutils.StagePush
pkg/mcp/application/internal/conversation/build_stage.go:145:54: undefined: publicutils.StagePush
pkg/mcp/application/internal/conversation/build_stage.go:159:45: undefined: publicutils.StageBuild
pkg/mcp/application/internal/conversation/build_stage.go:159:45: too many errors
# github.com/Azure/container-kit/pkg/mcp/application/orchestration/pipeline [github.com/Azure/container-kit/pkg/mcp/application/orchestration/pipeline.test]
pkg/mcp/application/orchestration/pipeline/background_workers.go:155:14: s.lifecycle undefined (type *BackgroundWorkerServiceImpl has no field or method lifecycle)
pkg/mcp/application/orchestration/pipeline/background_workers.go:163:15: s.lifecycle undefined (type *BackgroundWorkerServiceImpl has no field or method lifecycle)
pkg/mcp/application/orchestration/pipeline/background_workers.go:190:11: s.lifecycle undefined (type *BackgroundWorkerServiceImpl has no field or method lifecycle)
pkg/mcp/application/orchestration/pipeline/background_workers.go:279:11: s.lifecycle undefined (type *BackgroundWorkerServiceImpl has no field or method lifecycle)
pkg/mcp/application/orchestration/pipeline/background_workers.go:560:11: w.lifecycle undefined (type *SimpleBackgroundWorker has no field or method lifecycle)
pkg/mcp/application/orchestration/pipeline/background_workers.go:583:11: w.lifecycle undefined (type *SimpleBackgroundWorker has no field or method lifecycle)
pkg/mcp/application/orchestration/pipeline/basic_validator.go:83:2: not enough arguments in call to v.logger.Debug
	have ()
	want (string, ...any)
pkg/mcp/application/orchestration/pipeline/basic_validator.go:83:2: v.logger.Debug() (no value) used as value or type
pkg/mcp/application/orchestration/pipeline/basic_validator.go:156:2: not enough arguments in call to v.logger.Debug
	have ()
	want (string, ...any)
pkg/mcp/application/orchestration/pipeline/basic_validator.go:156:2: v.logger.Debug() (no value) used as value or type
pkg/mcp/application/orchestration/pipeline/basic_validator.go:156:2: too many errors
FAIL	github.com/Azure/container-kit/pkg/mcp/application [build failed]
?   	github.com/Azure/container-kit/pkg/mcp/application/api	[no test files]
?   	github.com/Azure/container-kit/pkg/mcp/application/commands	[no test files]
?   	github.com/Azure/container-kit/pkg/mcp/application/conversation	[no test files]
?   	github.com/Azure/container-kit/pkg/mcp/application/core	[no test files]
goos: linux
goarch: amd64
pkg: github.com/Azure/container-kit/pkg/mcp/application/di
cpu: 13th Gen Intel(R) Core(TM) i9-13900H
BenchmarkContainerInitialization-20    	 8385762	       154.9 ns/op	     416 B/op	       5 allocs/op
BenchmarkServiceInteraction-20         	 6545886	       184.9 ns/op	      40 B/op	       2 allocs/op
PASS
ok  	github.com/Azure/container-kit/pkg/mcp/application/di	2.854s
?   	github.com/Azure/container-kit/pkg/mcp/application/internal	[no test files]
FAIL	github.com/Azure/container-kit/pkg/mcp/application/internal/conversation [build failed]
PASS
ok  	github.com/Azure/container-kit/pkg/mcp/application/internal/retry	2.149s
PASS
ok  	github.com/Azure/container-kit/pkg/mcp/application/internal/runtime	0.021s
?   	github.com/Azure/container-kit/pkg/mcp/application/knowledge	[no test files]
FAIL	github.com/Azure/container-kit/pkg/mcp/application/orchestration/pipeline [build failed]
?   	github.com/Azure/container-kit/pkg/mcp/application/pipeline	[no test files]
goos: linux
goarch: amd64
pkg: github.com/Azure/container-kit/pkg/mcp/application/registry
cpu: 13th Gen Intel(R) Core(TM) i9-13900H
BenchmarkRegistryOperations/Discovery-20         	 6311973	       188.0 ns/op	      40 B/op	       2 allocs/op
BenchmarkRegistryOperations/Registration-20      	 2584927	       465.5 ns/op	     472 B/op	      10 allocs/op
BenchmarkRegistryOperations/List-20              	 1703828	       706.1 ns/op	    1792 B/op	       1 allocs/op
PASS
ok  	github.com/Azure/container-kit/pkg/mcp/application/registry	4.982s
?   	github.com/Azure/container-kit/pkg/mcp/application/services	[no test files]
?   	github.com/Azure/container-kit/pkg/mcp/application/state	[no test files]
?   	github.com/Azure/container-kit/pkg/mcp/application/tools	[no test files]
PASS
ok  	github.com/Azure/container-kit/pkg/mcp/application/workflows	0.008s
?   	github.com/Azure/container-kit/pkg/mcp/domain	[no test files]
?   	github.com/Azure/container-kit/pkg/mcp/domain/config	[no test files]
?   	github.com/Azure/container-kit/pkg/mcp/domain/constants	[no test files]
PASS
ok  	github.com/Azure/container-kit/pkg/mcp/domain/containerization/analyze	0.002s
PASS
ok  	github.com/Azure/container-kit/pkg/mcp/domain/containerization/build	0.002s
PASS
ok  	github.com/Azure/container-kit/pkg/mcp/domain/containerization/deploy	0.002s
PASS
ok  	github.com/Azure/container-kit/pkg/mcp/domain/containerization/scan	0.002s
PASS
ok  	github.com/Azure/container-kit/pkg/mcp/domain/errors	0.004s
?   	github.com/Azure/container-kit/pkg/mcp/domain/internal	[no test files]
?   	github.com/Azure/container-kit/pkg/mcp/domain/logging	[no test files]
goos: linux
goarch: amd64
pkg: github.com/Azure/container-kit/pkg/mcp/domain/security
cpu: 13th Gen Intel(R) Core(TM) i9-13900H
BenchmarkStructValidation-20    	  139162	      8720 ns/op	   16220 B/op	     154 allocs/op
PASS
ok  	github.com/Azure/container-kit/pkg/mcp/domain/security	1.317s
PASS
ok  	github.com/Azure/container-kit/pkg/mcp/domain/session	0.002s
?   	github.com/Azure/container-kit/pkg/mcp/domain/types	[no test files]
?   	github.com/Azure/container-kit/pkg/mcp/domain/validation	[no test files]
?   	github.com/Azure/container-kit/pkg/mcp/infra	[no test files]
?   	github.com/Azure/container-kit/pkg/mcp/infra/internal/migration	[no test files]
?   	github.com/Azure/container-kit/pkg/mcp/infra/logging	[no test files]
?   	github.com/Azure/container-kit/pkg/mcp/infra/persistence	[no test files]
PASS
ok  	github.com/Azure/container-kit/pkg/mcp/infra/retry	2.153s
--- FAIL: TestInstrumentToolExecution (0.00s)
    telemetry_test.go:140: Failed to initialize telemetry manager: invalid telemetry configuration: metrics interval must be positive
--- FAIL: TestInstrumentPipelineStage (0.00s)
    telemetry_test.go:184: Failed to initialize telemetry manager: invalid telemetry configuration: metrics interval must be positive
--- FAIL: TestHTTPInstrumentation (0.00s)
    telemetry_test.go:222: Failed to initialize telemetry manager: invalid telemetry configuration: metrics interval must be positive
--- FAIL: TestTracingEnabledDisabled (0.00s)
    telemetry_test.go:260: Failed to initialize telemetry manager: invalid telemetry configuration: metrics interval must be positive
--- FAIL: TestTraceAndSpanIDs (0.00s)
    telemetry_test.go:304: Failed to initialize telemetry manager: invalid telemetry configuration: metrics interval must be positive
FAIL
exit status 1
FAIL	github.com/Azure/container-kit/pkg/mcp/infra/telemetry	0.003s
?   	github.com/Azure/container-kit/pkg/mcp/infra/templates	[no test files]
{"jsonrpc":"2.0","id":1,"method":"tools/call","params":{"arguments":{"limit":10,"query":"test query"},"name":"search"}}
{"jsonrpc":"2.0","id":2,"method":"tools/call","params":{"arguments":{"test":"data"},"name":"stream_tool"}}
time=2025-07-10T00:59:20.889-04:00 level=INFO msg="Test message" transport=stdio component=test_component
time=2025-07-10T00:59:20.889-04:00 level=INFO msg="Test message" transport=stdio component=test_component
goos: linux
goarch: amd64
pkg: github.com/Azure/container-kit/pkg/mcp/infra/transport
cpu: 13th Gen Intel(R) Core(TM) i9-13900H
BenchmarkJSON_Marshal_Request-20       	 2828415	       423.9 ns/op	     304 B/op	       7 allocs/op
BenchmarkJSON_Unmarshal_Response-20    	 1507548	       786.9 ns/op	     392 B/op	      10 allocs/op
PASS
ok  	github.com/Azure/container-kit/pkg/mcp/infra/transport	3.895s
FAIL
